10.12.29.52 - - [19/Aug/2025 03:46:29] "GET / HTTP/1.1" 200 -
10.12.29.52 - - [19/Aug/2025 03:46:29] code 404, message File not found
10.12.29.52 - - [19/Aug/2025 03:46:29] "GET /favicon.ico HTTP/1.1" 404 -
19/Aug/2025 05:07:56 - "GET / HTTP/1.1" 200 -
19/Aug/2025 05:07:56 - "GET / HTTP/1.1" 200 -
19/Aug/2025 05:07:56 - "GET / HTTP/1.1" 200 -
19/Aug/2025 05:08:14 - "GET / HTTP/1.1" 200 -
19/Aug/2025 05:08:15 - code 404, message File not found
19/Aug/2025 05:08:15 - "GET /favicon.ico HTTP/1.1" 404 -
19/Aug/2025 05:11:45 - "GET / HTTP/1.1" 200 -
19/Aug/2025 05:15:31 - "GET / HTTP/1.1" 304 -
19/Aug/2025 05:15:48 - "GET / HTTP/1.1" 200 -
19/Aug/2025 05:15:59 - "GET / HTTP/1.1" 304 -
19/Aug/2025 05:16:00 - "GET / HTTP/1.1" 304 -
19/Aug/2025 05:16:01 - "GET / HTTP/1.1" 304 -
19/Aug/2025 05:16:02 - "GET / HTTP/1.1" 304 -
TechStep Frontend Server running at http://0.0.0.0:3000
Serving directory: /home/user/webapp
19/Aug/2025 05:20:10 - "GET / HTTP/1.1" 200 -
19/Aug/2025 05:20:21 - "GET / HTTP/1.1" 200 -
19/Aug/2025 05:20:21 - "GET / HTTP/1.1" 200 -
19/Aug/2025 05:20:21 - "GET / HTTP/1.1" 200 -
19/Aug/2025 05:20:21 - "GET / HTTP/1.1" 200 -
19/Aug/2025 05:20:34 - "GET / HTTP/1.1" 200 -
19/Aug/2025 05:20:35 - code 404, message File not found
19/Aug/2025 05:20:35 - "GET /favicon.ico HTTP/1.1" 404 -
19/Aug/2025 05:21:33 - "GET / HTTP/1.1" 304 -
19/Aug/2025 05:23:13 - "GET / HTTP/1.1" 304 -
19/Aug/2025 05:24:15 - "GET / HTTP/1.1" 304 -
19/Aug/2025 05:24:16 - "GET / HTTP/1.1" 304 -
19/Aug/2025 05:25:33 - "GET / HTTP/1.1" 200 -
19/Aug/2025 05:25:33 - code 404, message File not found
19/Aug/2025 05:25:33 - "GET /favicon.ico HTTP/1.1" 404 -
19/Aug/2025 05:25:49 - "GET / HTTP/1.1" 200 -
19/Aug/2025 05:32:15 - "GET / HTTP/1.1" 200 -
TechStep Frontend Server running at http://0.0.0.0:3000
Serving directory: /home/user/webapp
19/Aug/2025 05:55:20 - "GET / HTTP/1.1" 200 -
19/Aug/2025 05:55:20 - "GET / HTTP/1.1" 304 -
19/Aug/2025 05:55:21 - "GET / HTTP/1.1" 304 -
19/Aug/2025 05:55:23 - "GET / HTTP/1.1" 304 -
19/Aug/2025 19:18:09 - "GET / HTTP/1.1" 200 -
19/Aug/2025 19:20:07 - "GET / HTTP/1.1" 200 -
23/Aug/2025 04:34:31 - "GET / HTTP/1.1" 200 -
23/Aug/2025 04:34:43 - "GET /trial.html HTTP/1.1" 200 -
23/Aug/2025 04:41:08 - "GET / HTTP/1.1" 200 -
23/Aug/2025 04:44:47 - "GET / HTTP/1.1" 200 -
23/Aug/2025 04:44:48 - code 404, message File not found
23/Aug/2025 04:44:48 - "GET /favicon.ico HTTP/1.1" 404 -
