2025-08-19 02:21:36,657 INFO RPC interface 'supervisor' initialized
2025-08-19 02:21:36,657 CRIT Server 'unix_http_server' running without any HTTP authentication checking
2025-08-19 02:21:36,660 INFO daemonizing the supervisord process
2025-08-19 02:21:36,661 INFO supervisord started with pid 5836
2025-08-19 02:21:37,664 INFO spawned: 'techstep-frontend' with pid 5838
2025-08-19 02:21:38,745 INFO success: techstep-frontend entered RUNNING state, process has stayed up for > than 1 seconds (startsecs)
2025-08-19 02:52:00,592 INFO waiting for techstep-frontend to stop
2025-08-19 02:52:00,594 WARN stopped: techstep-frontend (terminated by SIGTERM)
2025-08-19 02:52:00,598 INFO spawned: 'techstep-frontend' with pid 9059
2025-08-19 02:52:01,688 INFO success: techstep-frontend entered RUNNING state, process has stayed up for > than 1 seconds (startsecs)
2025-08-19 02:53:49,385 INFO waiting for techstep-frontend to stop
2025-08-19 02:53:49,386 WARN stopped: techstep-frontend (terminated by SIGTERM)
2025-08-19 02:53:49,391 INFO spawned: 'techstep-frontend' with pid 9430
2025-08-19 02:53:50,506 INFO success: techstep-frontend entered RUNNING state, process has stayed up for > than 1 seconds (startsecs)
2025-08-19 05:19:50,569 WARN exited: techstep-frontend (terminated by SIGTERM; not expected)
2025-08-19 05:19:51,575 INFO spawned: 'techstep-frontend' with pid 22197
2025-08-19 05:19:52,711 INFO success: techstep-frontend entered RUNNING state, process has stayed up for > than 1 seconds (startsecs)
2025-08-19 05:32:29,721 WARN exited: techstep-frontend (terminated by SIGTERM; not expected)
2025-08-19 05:32:30,726 INFO spawned: 'techstep-frontend' with pid 23204
2025-08-19 05:32:30,833 WARN exited: techstep-frontend (exit status 1; not expected)
2025-08-19 05:32:31,836 INFO spawned: 'techstep-frontend' with pid 23206
2025-08-19 05:32:31,941 WARN exited: techstep-frontend (exit status 1; not expected)
2025-08-19 05:32:33,946 INFO spawned: 'techstep-frontend' with pid 23212
2025-08-19 05:32:34,053 WARN exited: techstep-frontend (exit status 1; not expected)
2025-08-19 05:32:37,060 INFO spawned: 'techstep-frontend' with pid 23243
2025-08-19 05:32:37,159 WARN exited: techstep-frontend (exit status 1; not expected)
2025-08-19 05:32:38,161 INFO gave up: techstep-frontend entered FATAL state, too many start retries too quickly
2025-08-19 05:47:31,455 INFO spawned: 'techstep-frontend' with pid 24709
2025-08-19 05:47:32,541 INFO success: techstep-frontend entered RUNNING state, process has stayed up for > than 1 seconds (startsecs)
