2025-08-19 01:54:50,688 INFO RPC interface 'supervisor' initialized
2025-08-19 01:54:50,688 CRIT Server 'unix_http_server' running without any HTTP authentication checking
2025-08-19 01:54:50,691 INFO daemonizing the supervisord process
2025-08-19 01:54:50,691 INFO supervisord started with pid 3258
2025-08-19 01:54:51,695 INFO spawned: 'techstep-backend' with pid 3260
2025-08-19 01:54:52,881 INFO success: techstep-backend entered RUNNING state, process has stayed up for > than 1 seconds (startsecs)
2025-08-19 02:15:37,867 INFO waiting for techstep-backend to stop
2025-08-19 02:15:38,391 INFO stopped: techstep-backend (exit status 0)
2025-08-19 02:15:38,396 INFO spawned: 'techstep-backend' with pid 5024
2025-08-19 02:15:39,579 INFO success: techstep-backend entered RUNNING state, process has stayed up for > than 1 seconds (startsecs)
2025-08-19 02:22:45,609 INFO waiting for techstep-backend to stop
2025-08-19 02:22:46,114 INFO stopped: techstep-backend (exit status 0)
2025-08-19 02:22:46,119 INFO spawned: 'techstep-backend' with pid 6068
2025-08-19 02:22:47,305 INFO success: techstep-backend entered RUNNING state, process has stayed up for > than 1 seconds (startsecs)
2025-08-19 02:51:32,244 INFO waiting for techstep-backend to stop
2025-08-19 02:51:33,029 INFO stopped: techstep-backend (exit status 0)
2025-08-19 02:51:33,035 INFO spawned: 'techstep-backend' with pid 9013
2025-08-19 02:51:34,238 INFO success: techstep-backend entered RUNNING state, process has stayed up for > than 1 seconds (startsecs)
2025-08-19 05:49:22,906 INFO exited: techstep-backend (exit status 0; expected)
2025-08-19 05:49:23,914 INFO spawned: 'techstep-backend' with pid 24959
2025-08-19 05:49:25,124 INFO success: techstep-backend entered RUNNING state, process has stayed up for > than 1 seconds (startsecs)
2025-08-19 05:50:01,623 WARN exited: techstep-backend (terminated by SIGKILL; not expected)
2025-08-19 05:50:02,627 INFO spawned: 'techstep-backend' with pid 25025
2025-08-19 05:50:03,819 INFO success: techstep-backend entered RUNNING state, process has stayed up for > than 1 seconds (startsecs)
